0
8
4
0
18
0
2
0
1
0
4157741056
12
0
32
0
1
0
4157741056
12
0
1
0
2
0
4157741056
12
0
4
0
2
0
4157741056
12
0
7
0
2
0
4157741056
12
0
10
0
2
0
4157741056
12
0
11
0
2
0
4157741056
12
0
15
0
2
0
4157741056
12
0
16
0
2
0
4157741056
12
0
20
0
2
0
4157741056
12
0
23
0
2
0
4157741056
12
0
24
0
2
0
4157741056
12
0
28
0
2
0
4157741056
12
0
29
0
2
0
4157741056
12
0
33
0
2
0
4157741056
12
0
1
0
3
0
4157741056
12
0
4
0
3
0
4157741056
12
0
7
0
3
0
4157741056
12
0
9
0
3
0
4157741056
12
0
12
0
3
0
4157741056
12
0
14
0
3
0
4157741056
12
0
17
0
3
0
4157741056
12
0
20
0
3
0
4157741056
12
0
22
0
3
0
4157741056
12
0
25
0
3
0
4157741056
12
0
26
0
3
0
4157741056
12
0
27
0
3
0
4157741056
12
0
30
0
3
0
4157741056
12
0
33
0
3
0
4157741056
12
0
0
0
4
0
4157741056
12
0
4
0
4
0
4157741056
12
0
5
0
4
0
4157741056
12
0
6
0
4
0
4157741056
12
0
7
0
4
0
4157741056
12
0
9
0
4
0
4157741056
12
0
10
0
4
0
4157741056
12
0
11
0
4
0
4157741056
12
0
12
0
4
0
4157741056
12
0
14
0
4
0
4157741056
12
0
20
0
4
0
4157741056
12
0
22
0
4
0
4157741056
12
0
25
0
4
0
4157741056
12
0
27
0
4
0
4157741056
12
0
30
0
4
0
4157741056
12
0
34
0
4
0
4157741056
12
0
1
0
5
0
4157741056
12
0
4
0
5
0
4157741056
12
0
7
0
5
0
4157741056
12
0
9
0
5
0
4157741056
12
0
12
0
5
0
4157741056
12
0
14
0
5
0
4157741056
12
0
17
0
5
0
4157741056
12
0
20
0
5
0
4157741056
12
0
22
0
5
0
4157741056
12
0
25
0
5
0
4157741056
12
0
27
0
5
0
4157741056
12
0
30
0
5
0
4157741056
12
0
33
0
5
0
4157741056
12
0
1
0
6
0
4157741056
12
0
4
0
6
0
4157741056
12
0
7
0
6
0
4157741056
12
0
9
0
6
0
4157741056
12
0
12
0
6
0
4157741056
12
0
15
0
6
0
4157741056
12
0
16
0
6
0
4157741056
12
0
20
0
6
0
4157741056
12
0
23
0
6
0
4157741056
12
0
24
0
6
0
4157741056
12
0
28
0
6
0
4157741056
12
0
29
0
6
0
4157741056
12
0
33
0
6
0
4157741056
12
0
2
0
7
0
4157741056
12
0
32
0
7
0
4157741056
12
14
9
